CMake Warning (dev) at CMakeLists.txt:13 (project):
  Policy CMP0048 is not set: project() command manages VERSION variables.
  Run "cmake --help-policy CMP0048" for policy details.  Use the cmake_policy
  command to set the policy and suppress this warning.

  The following variable(s) would be set to empty:

    CMAKE_PROJECT_VERSION
    CMAKE_PROJECT_VERSION_MAJOR
    CMAKE_PROJECT_VERSION_MINOR
    CMAKE_PROJECT_VERSION_PATCH
This warning is for project developers.  Use -Wno-dev to suppress it.

[33mWARNING: package 'gazebo_plugins' is deprecated (This package has been deprecated as of January 2025 with Gazebo classic 11 reaching[0m
      end-of-life. Users are highly encouraged to migrate to the new Gazebo
      using our migration guides (https://gazebosim.org/docs/latest/gazebo_classic_migration))
[33mWARNING: package 'gazebo_msgs' is deprecated (This package has been deprecated as of January 2025 with Gazebo classic 11 reaching[0m
      end-of-life. Users are highly encouraged to migrate to the new Gazebo
      using our migration guides (https://gazebosim.org/docs/latest/gazebo_classic_migration))
[33mWARNING: package 'gazebo_dev' is deprecated (This package has been deprecated as of January 2025 with Gazebo classic 11 reaching[0m
      end-of-life. Users are highly encouraged to migrate to the new Gazebo
      using our migration guides (https://gazebosim.org/docs/latest/gazebo_classic_migration))
[33m[1mCMake Warning[0m at /opt/ros/noetic/share/catkin/cmake/catkin_package.cmake:166 (message):
  catkin_package() DEPENDS on 'octomap' but neither 'octomap_INCLUDE_DIRS'
  nor 'octomap_LIBRARIES' is defined.
[36mCall Stack (most recent call first):[0m
  /opt/ros/noetic/share/catkin/cmake/catkin_package.cmake:102 (_catkin_package)
  CMakeLists.txt:229 (catkin_package)


